procs -----------memory---------- ---swap-- -----io---- -system-- ------cpu-----
 r  b   swpd   free   buff  cache   si   so    bi    bo   in   cs us sy id wa st
 1  0  53156 700600 1308240 58138628    0    0     3    15    0    0  1  0 99  0  0
 0  0  53156 690544 1308240 58138864    0    0     0  1982 6955 10277  5  1 94  0  0
 0  0  53156 686432 1308240 58139108    0    0     0   823 6633 9992  4  1 94  1  0
 0  0  53156 691808 1308240 58139092    0    0     0  1684 7287 11450  4  1 94  0  0
 4  0  53156 683788 1308240 58138884    0    0     0   728 6564 9906  3  1 96  0  0
 0  0  53412 725224 1307760 58111812    0    5     0  1697 9017 14168  5  1 93  0  0
 1  0  53412 717432 1307760 58111552    0    0    13   832 6865 10114  5  1 94  0  0
 0  0  53412 714848 1307760 58111816    0    0     0  1852 6856 10305  5  1 94  0  0
 2  0  53412 716496 1307760 58111652    0    0     0   711 7637 11901  5  1 94  0  0
 1  0  53412 713320 1307760 58111920    0    0     0  1629 6737 10257  5  1 94  0  0
 5  0  53412 710976 1307760 58111500    0    0     0   781 7863 11727  5  1 93  0  0
 2  1  53412 714048 1307760 58111664    0    0     0  1620 6766 10011  5  1 93  0  0
 1  0  53412 718816 1307760 58111956    0    0     0  3784 7521 11068  5  1 93  1  0
 3  0  53412 715724 1307760 58111796    0    0     0  3058 7831 12082  5  1 93  1  0
 0  0  53412 697576 1307760 58112320    0    0     0   879 7200 10619  5  1 94  1  0
 2  0  53412 702276 1307760 58112200    0    0     0   935 7400 11596  5  1 94  1  0
 1  0  53412 717844 1307760 58112056    0    0     0  3214 7283 10837  5  1 93  1  0
 1  0  53412 725016 1307760 58112732    0    0     0   953 8321 12969  6  1 92  1  0
 1  0  53412 719140 1307760 58112220    0    0     0  1772 7950 12135  5  1 93  1  0
 2  1  53412 714328 1307760 58112228    0    0     0  2323 6518 9789  5  1 94  0  0
 0  0  53412 720784 1307760 58112364    0    0     0  1113 8007 12176  5  1 93  1  0
procs -----------memory---------- ---swap-- -----io---- -system-- ------cpu-----
 r  b   swpd   free   buff  cache   si   so    bi    bo   in   cs us sy id wa st
 1  1  53412 717328 1307760 58112300    0    0     0  1498 6610 10110  4  1 95  1  0
 3  0  53412 720648 1307760 58112832    0    0     0  3376 7798 11830  4  1 94  1  0
 2  1  53412 717904 1307760 58112212    0    0     0   825 6514 9659  3  1 95  0  0
 2  0  53412 704604 1307760 58112752    0    0     0  1099 7208 10653  5  1 93  1  0
 4  1  53412 713792 1307760 58112768    0    0     0   735 7671 11869  5  1 94  1  0
 0  0  53412 697488 1307760 58112728    0    0     0  2489 7079 10753  4  1 95  1  0
 1  0  53412 709140 1307760 58112692    0    0     0   923 7558 11693  5  1 94  1  0
 4  0  53412 708448 1307760 58113232    0    0     0   806 7184 10375  5  1 94  0  0
 0  0  53412 723292 1307760 58112800    0    0     0  2309 8450 12661  6  1 93  1  0
 0  1  53412 713296 1307760 58112772    0    0     0   756 7911 11984  5  1 94  0  0
 0  1  53412 710872 1307760 58113000    0    0     0  1677 6715 9985  4  1 95  0  0
 1  0  53412 705012 1307760 58113052    0    0     0   789 7664 11553  4  1 94  0  0
 0  0  53412 694992 1307760 58112848    0    0     0  1789 7046 10509  5  1 94  1  0
 0  0  53412 685572 1307760 58113348    0    0     0   713 6896 9926  4  1 95  0  0
 1  0  53412 693268 1307760 58113200    0    0     0  1798 8163 12422  5  1 94  1  0
 0  0  53412 702776 1307760 58113316    0    0     0   777 6739 9818  4  1 95  0  0
 0  1  53412 697668 1307760 58113500    0    0     0  1755 7680 11885  4  1 95  0  0
 0  0  53412 703932 1307760 58113548    0    0     0   778 6967 10111  4  1 95  0  0
 2  0  53412 693088 1307760 58112996    0    0     0  1883 6671 10122  4  1 95  0  0
 2  0  53412 695528 1307760 58113104    0    0     0   663 7397 11182  4  1 95  0  0
 0  0  53412 713668 1307760 58113820    0    0     0  1773 8368 12415  6  1 93  0  0
procs -----------memory---------- ---swap-- -----io---- -system-- ------cpu-----
 r  b   swpd   free   buff  cache   si   so    bi    bo   in   cs us sy id wa st
 1  0  53412 745436 1307760 58095140    0    0     0   699 7228 11252  3  1 96  0  0
 1  0  53412 713340 1307760 58113640    0    0     0  1793 6646 9993  5  1 94  0  0
 2  0  53412 705912 1307760 58114164    0    0     0   708 6549 9619  5  1 94  0  0
 4  0  53412 708872 1307760 58114016    0    0     0  1691 7571 11576  5  1 94  1  0
 1  0  53412 698128 1307760 58114120    0    0     0  3437 7020 10407  4  1 94  1  0
 0  1  53412 711380 1307760 58113784    0    0     0  2708 7253 11022  3  1 95  1  0
 0  0  53412 706916 1307760 58113952    0    0     0  1064 6807 10021  4  1 94  1  0
 2  0  53412 700744 1307760 58114288    0    0     0  2624 6834 10248  5  1 94  1  0
 0  0  53412 706224 1307760 58114400    0    0     0  1023 7553 11622  4  1 94  1  0
 1  0  53412 700500 1307760 58114640    0    0     0  1917 6585 9916  5  1 94  1  0
 2  0  53412 706816 1307760 58114628    0    0     0  1833 8266 12212  5  1 94  1  0
 1  0  53412 739364 1307760 58114996    0    0     0   668 8667 13843  7  1 92  0  0
 1  0  53412 734088 1307760 58114540    0    0     0  2191 6056 9537  5  1 94  0  0
 0  0  53412 748328 1307760 58114708    0    0     0   884 6790 10893  5  1 94  0  0
 0  0  53412 740580 1307760 58114716    0    0     0   766 6238 9748  5  1 94  0  0
 1  0  53412 742064 1307760 58114700    0    0     0  2134 7003 11263  5  1 94  0  0
 1  0  53412 743312 1307760 58115196    0    0     0   686 5720 8953  5  1 94  0  0
 1  0  53412 740576 1307760 58114856    0    0     0   620 6221 9706  5  1 94  0  0
 0  0  53412 724548 1307760 58114988    0    0     0  2011 7303 11645  5  1 94  0  0
 1  0  53412 710796 1307760 58114984    0    0     0   727 6701 10348  5  1 94  0  0
 0  0  53412 758252 1307760 58114584    0    0     0   749 7489 11403  5  1 94  0  0
procs -----------memory---------- ---swap-- -----io---- -system-- ------cpu-----
 r  b   swpd   free   buff  cache   si   so    bi    bo   in   cs us sy id wa st
 2  0  53412 718660 1307760 58114960    0    0     0  2176 6357 9856  5  1 94  0  0
 0  0  53412 730872 1307760 58114784    0    0     0   744 6247 9835  4  1 96  0  0
 1  0  53412 743996 1307760 58115556    0    0     0   557 8150 13298  5  1 93  0  0
 0  0  53412 732040 1307760 58115152    0    0     0  1539 5800 9013  4  1 95  0  0
 0  0  53412 732056 1307760 58115116    0    0     0   553 6696 10808  5  1 94  0  0
 3  0  53412 721956 1307760 58115760    0    0     0  1582 6163 9591  5  1 94  0  0
 0  0  53412 718984 1307760 58114816    0    0     0   550 5709 9076  4  1 95  0  0
 0  0  53412 729640 1307760 58115180    0    0     0   505 6366 10175  4  1 95  0  0
 0  0  53412 718872 1307760 58115116    0    0     0  1988 6538 9806  5  1 94  0  0
 0  0  53412 729376 1307760 58115024    0    0     0   633 7205 11597  5  1 94  0  0
 2  0  53412 710188 1307760 58115080    0    0     0  4076 7469 11451  4  1 94  1  0
 1  0  53412 722904 1307760 58114988    0    0     0   902 7141 10680  5  1 94  1  0
 0  0  53412 708516 1307760 58115076    0    0     0  1042 7755 12043  4  1 94  1  0
 0  0  53412 713840 1307760 58115452    0    0     0  2248 6463 9595  4  1 95  0  0
 0  0  53412 724544 1307760 58115508    0    0     0   767 9370 14510  5  1 93  1  0
 0  0  53412 720432 1307760 58115468    0    0     0   705 6272 9418  4  1 95  0  0
 1  0  53412 714748 1307760 58115404    0    0     0  2142 7745 12029  4  1 95  1  0
 0  0  53412 719176 1307760 58115592    0    0     0   625 5948 9293  4  1 95  0  0
 0  0  53412 717296 1307760 58115248    0    0     0   623 6193 9851  3  1 96  0  0
 4  0  53412 719656 1307760 58115332    0    0     0  2055 6764 10762  4  1 95  0  0
 1  0  53412 721444 1307760 58115220    0    0     0  3004 6418 10067  4  1 94  1  0
procs -----------memory---------- ---swap-- -----io---- -system-- ------cpu-----
 r  b   swpd   free   buff  cache   si   so    bi    bo   in   cs us sy id wa st
 0  0  53412 699928 1307760 58115324    0    0     0  1564 7535 11797  4  1 95  1  0
 0  0  53412 709272 1307760 58115708    0    0     0  2273 6583 9867  4  1 95  0  0
 0  0  53412 708792 1307760 58116368    0    0     0   871 7147 10571  5  1 94  1  0
 0  0  53412 695020 1307760 58116036    0    0     0   838 7726 11792  5  1 94  1  0
 0  0  53412 717916 1307760 58115976    0    0     0  2030 6590 9882  5  1 94  0  0
 0  0  53412 733268 1307760 58116284    0    0     0   891 8754 13957  5  1 94  1  0
 0  0  53412 721832 1307760 58115772    0    0     0   814 6414 9682  4  1 95  0  0
 1  0  53412 711924 1307760 58116072    0    0     0  2276 6664 9926  4  1 94  0  0
 0  0  53412 719280 1307760 58116280    0    0     0   851 7928 11990  5  1 94  1  0
 0  0  53412 719368 1307760 58116152    0    0     0   712 6644 9869  4  1 95  0  0
 0  0  53412 713140 1307760 58116544    0    0     0  2348 7980 12296  5  1 93  1  0
 0  0  53412 717796 1307760 58116332    0    0     0   690 6303 9662  5  1 94  0  0
 0  0  53412 715212 1307760 58116168    0    0     0   697 6212 9614  5  1 94  0  0
 0  0  53412 721304 1307760 58116264    0    0     0  1975 7048 11295  5  1 94  0  0
 0  0  53412 715840 1307760 58116316    0    0     0   644 6162 9656  4  1 95  0  0
 3  1  53412 709712 1307760 58116360    0    0     0  1887 7497 12130  5  1 94  0  0
 1  0  53412 718508 1307760 58116732    0    0     0   778 7102 10457  5  1 94  0  0
 1  0  53412 715856 1307760 58116624    0    0     0   813 8329 12676  6  1 92  0  0
 3  0  53412 709904 1307760 58116564    0    0     0  2059 7564 11582  5  1 94  0  0
 6  1  53412 718744 1307760 58110564    0    0     0   830 7138 10535  5  1 94  0  0
 1  0  53412 726012 1307760 58116732    0    0     0   807 7946 11858  6  1 93  0  0
procs -----------memory---------- ---swap-- -----io---- -system-- ------cpu-----
 r  b   swpd   free   buff  cache   si   so    bi    bo   in   cs us sy id wa st
 1  0  53412 716644 1307760 58116620    0    0     0  2337 6662 10006  4  1 95  1  0
 2  0  53412 711436 1307760 58116700    0    0     0   681 6401 9455  4  1 95  0  0
 1  0  53412 705412 1307760 58116624    0    0     0  1661 7831 11971  4  1 94  1  0
 2  0  53412 702136 1307760 58116600    0    0     0   725 6910 10344  4  1 95  0  0
 1  0  53412 697040 1307760 58116876    0    0     0   722 7921 12290  5  1 94  1  0
 1  0  53412 693892 1307760 58117476    0    0     0  1709 6948 10344  5  1 94  0  0
 0  0  53412 708336 1307760 58117276    0    0     0   773 6566 10266  4  1 95  0  0
 0  0  53412 706540 1307760 58117040    0    0     0  1596 7244 11337  4  1 94  0  0
 0  0  53412 730040 1307760 58117380    0    0     0   703 8155 12295  6  1 92  0  0
 1  0  53412 716544 1307760 58118192    0    0   210  1604 6607 10026  4  1 95  0  0
 0  0  53412 707976 1307760 58118076    0    0     0   774 5602 8735  4  1 95  0  0
 1  0  53412 702372 1307760 58117928    0    0     0  1515 4618 7185  2  0 97  0  0
 1  0  53412 700340 1307760 58117932    0    0     0   745 6099 9335  3  1 96  0  0
 4  0  53412 693772 1307760 58117696    0    0     0  1301 5437 8349  3  1 96  0  0
 0  0  53412 698196 1307760 58117804    0    0     0   745 6581 10385  4  1 95  0  0
 1  0  53412 695524 1307760 58117592    0    0     0  1557 5170 7868  2  1 96  0  0
 0  0  53412 697616 1307760 58117756    0    0     0   690 4578 7267  2  0 97  0  0
 1  0  53412 681812 1307760 58135972    0    0     0  1603 8058 12202  5  1 93  0  0
 1  0  53412 716248 1307760 58117732    0    0     6   704 5964 8984  4  1 95  0  0
 1  0  53412 715660 1307760 58117712    0    0     0  1587 5577 9029  2  1 97  0  0
 0  1  53412 764992 1307336 58062352    0   24     0   663 7450 11414  5  1 93  0  0
procs -----------memory---------- ---swap-- -----io---- -system-- ------cpu-----
 r  b   swpd   free   buff  cache   si   so    bi    bo   in   cs us sy id wa st
 3  0  53412 758584 1307336 58062360    0    0     7  1727 5770 8699  4  1 95  0  0
 0  0  53412 759348 1307336 58062272    0    0     0   630 6041 9719  2  1 97  0  0
 0  2  53412 759220 1307336 58062944    0    0     0  2959 6015 9068  4  1 94  1  0
 1  0  53412 768920 1307336 58063216    0    0    10  2822 6514 10352  4  1 95  1  0
 3  0  53412 767584 1307336 58063380    0    0     0  1603 6003 8883  4  1 95  0  0
 0  0  53412 762500 1307336 58063444    0    0     0   769 5299 8108  3  1 96  0  0
 2  1  53412 763180 1307336 58063460    0    0     0  1828 6003 9553  3  1 96  0  0
 1  0  53412 761860 1307336 58062964    0    0     0   714 6168 9403  4  1 95  0  0
 2  0  53412 771000 1307336 58063156    0    0     0  1554 6077 9425  4  1 95  0  0
 1  1  53412 770392 1307336 58063616    0    0     0   627 4702 7243  3  0 96  0  0
 0  0  53412 771044 1307336 58063248    0    0     0  1414 4548 7153  3  0 97  0  0
 3  0  53412 788564 1307336 58063968    0    0     0   610 7976 12900  6  1 93  0  0
